<?xml version="1.0" encoding="UTF-8"?>
<!-- Generated by org.testng.reporters.JUnitReportReporter -->
<testsuite hostname="LAPTOP-HRRLCGBU" failures="0" tests="1" name="chrome.mobile.resolutionA.DemoPage" time="29.963" errors="0" timestamp="2024-09-07T22:42:39 IST" skipped="0">
  <testcase classname="chrome.mobile.resolutionA.DemoPage" name="demoPage" time="29.963"/>
  <system-out/>
</testsuite> <!-- chrome.mobile.resolutionA.DemoPage -->
