<?xml version="1.0" encoding="UTF-8"?>
<!-- Generated by org.testng.reporters.JUnitReportReporter -->
<testsuite hostname="LAPTOP-HRRLCGBU" failures="0" tests="1" name="chrome.desktop.resolutionsC.ProFeatures" time="40.645" errors="0" timestamp="2024-09-07T22:42:39 IST" skipped="0">
  <testcase classname="chrome.desktop.resolutionsC.ProFeatures" name="proFeatures" time="40.645"/>
  <system-out/>
</testsuite> <!-- chrome.desktop.resolutionsC.ProFeatures -->
