<?xml version="1.0" encoding="UTF-8"?>
<!-- Generated by org.testng.reporters.JUnitReportReporter -->
<testsuite hostname="LAPTOP-HRRLCGBU" failures="0" tests="1" name="chrome.desktop.resolutionsB.CalleyDeskB" time="41.238" errors="0" timestamp="2024-09-07T22:42:39 IST" skipped="0">
  <testcase classname="chrome.desktop.resolutionsB.CalleyDeskB" name="calleyPage" time="41.238"/>
  <system-out/>
</testsuite> <!-- chrome.desktop.resolutionsB.CalleyDeskB -->
