<?xml version="1.0" encoding="UTF-8"?>
<!-- Generated by org.testng.reporters.JUnitReportReporter -->
<testsuite hostname="LAPTOP-HRRLCGBU" failures="0" tests="1" name="chrome.desktop.resolutionsC.TeamFeatures" time="28.913" errors="0" timestamp="2024-09-07T22:42:39 IST" skipped="0">
  <testcase classname="chrome.desktop.resolutionsC.TeamFeatures" name="teamFeatures" time="28.913"/>
  <system-out/>
</testsuite> <!-- chrome.desktop.resolutionsC.TeamFeatures -->
