<?xml version="1.0" encoding="UTF-8"?>
<!-- Generated by org.testng.reporters.JUnitReportReporter -->
<testsuite hostname="LAPTOP-HRRLCGBU" failures="0" tests="1" name="edge.desktop.resolutionsC.ProFeatures" time="17.391" errors="0" timestamp="2024-09-07T22:57:37 IST" skipped="0">
  <testcase classname="edge.desktop.resolutionsC.ProFeatures" name="proFeatures" time="17.391"/>
  <system-out/>
</testsuite> <!-- edge.desktop.resolutionsC.ProFeatures -->
