<?xml version="1.0" encoding="UTF-8"?>
<!-- Generated by org.testng.reporters.JUnitReportReporter -->
<testsuite hostname="LAPTOP-HRRLCGBU" failures="0" tests="1" name="edge.desktop.resolutionsB.DemoPageA" time="11.736" errors="0" timestamp="2024-09-07T22:57:37 IST" skipped="0">
  <testcase classname="edge.desktop.resolutionsB.DemoPageA" name="demoPage" time="11.736"/>
  <system-out/>
</testsuite> <!-- edge.desktop.resolutionsB.DemoPageA -->
