<?xml version="1.0" encoding="UTF-8"?>
<!-- Generated by org.testng.reporters.JUnitReportReporter -->
<testsuite hostname="LAPTOP-HRRLCGBU" failures="0" tests="1" name="firefox.desktop.resolutionsA.TeamFeatures" time="24.116" errors="0" timestamp="2024-09-07T23:50:03 IST" skipped="0">
  <testcase classname="firefox.desktop.resolutionsA.TeamFeatures" name="teamFeatures" time="24.116"/>
  <system-out/>
</testsuite> <!-- firefox.desktop.resolutionsA.TeamFeatures -->
