<?xml version="1.0" encoding="UTF-8"?>
<!-- Generated by org.testng.reporters.JUnitReportReporter -->
<testsuite hostname="LAPTOP-HRRLCGBU" failures="0" tests="1" name="edge.mobile.resolutionC.LifetimeOfferPageC" time="11.156" errors="0" timestamp="2024-09-07T22:57:37 IST" skipped="0">
  <testcase classname="edge.mobile.resolutionC.LifetimeOfferPageC" name="lifeTimeOfferPage" time="11.156"/>
  <system-out/>
</testsuite> <!-- edge.mobile.resolutionC.LifetimeOfferPageC -->
