<?xml version="1.0" encoding="UTF-8"?>
<!-- Generated by org.testng.reporters.JUnitReportReporter -->
<testsuite hostname="LAPTOP-HRRLCGBU" failures="0" tests="1" name="edge.mobile.resolutionA.DemoPage" time="13.133" errors="0" timestamp="2024-09-07T22:57:37 IST" skipped="0">
  <testcase classname="edge.mobile.resolutionA.DemoPage" name="demoPage" time="13.133"/>
  <system-out/>
</testsuite> <!-- edge.mobile.resolutionA.DemoPage -->
