<?xml version="1.0" encoding="UTF-8"?>
<!-- Generated by org.testng.reporters.JUnitReportReporter -->
<testsuite hostname="LAPTOP-HRRLCGBU" failures="0" tests="1" name="chrome.desktop.resolutionsA.ProFeatures" time="26.889" errors="0" timestamp="2024-09-07T22:42:39 IST" skipped="0">
  <testcase classname="chrome.desktop.resolutionsA.ProFeatures" name="proFeatures" time="26.889"/>
  <system-out/>
</testsuite> <!-- chrome.desktop.resolutionsA.ProFeatures -->
