<?xml version="1.0" encoding="UTF-8"?>
<!-- Generated by org.testng.reporters.JUnitReportReporter -->
<testsuite hostname="LAPTOP-HRRLCGBU" failures="0" tests="1" name="edge.desktop.resolutionsA.TeamFeatures" time="19.167" errors="0" timestamp="2024-09-07T22:57:37 IST" skipped="0">
  <testcase classname="edge.desktop.resolutionsA.TeamFeatures" name="teamFeatures" time="19.167"/>
  <system-out/>
</testsuite> <!-- edge.desktop.resolutionsA.TeamFeatures -->
