<?xml version="1.0" encoding="UTF-8"?>
<!-- Generated by org.testng.reporters.JUnitReportReporter -->
<testsuite hostname="LAPTOP-HRRLCGBU" failures="0" tests="1" name="edge.desktop.resolutionsB.CalleyLifetimeOffer" time="8.192" errors="0" timestamp="2024-09-07T22:57:37 IST" skipped="0">
  <testcase classname="edge.desktop.resolutionsB.CalleyLifetimeOffer" name="lifeTimeOfferPage" time="8.192"/>
  <system-out/>
</testsuite> <!-- edge.desktop.resolutionsB.CalleyLifetimeOffer -->
