<?xml version="1.0" encoding="UTF-8"?>
<!-- Generated by org.testng.reporters.JUnitReportReporter -->
<testsuite hostname="LAPTOP-HRRLCGBU" failures="0" tests="1" name="firefox.mobile.resolutionB.ProFeatures" time="30.627" errors="0" timestamp="2024-09-07T23:50:03 IST" skipped="0">
  <testcase classname="firefox.mobile.resolutionB.ProFeatures" name="proFeatures" time="30.627"/>
  <system-out/>
</testsuite> <!-- firefox.mobile.resolutionB.ProFeatures -->
