<?xml version="1.0" encoding="UTF-8"?>
<!-- Generated by org.testng.reporters.JUnitReportReporter -->
<testsuite hostname="LAPTOP-HRRLCGBU" failures="0" tests="1" name="chrome.desktop.resolutionsA.DemoPageA" time="20.357" errors="0" timestamp="2024-09-07T22:42:39 IST" skipped="0">
  <testcase classname="chrome.desktop.resolutionsA.DemoPageA" name="demoPage" time="20.357"/>
  <system-out/>
</testsuite> <!-- chrome.desktop.resolutionsA.DemoPageA -->
