<?xml version="1.0" encoding="UTF-8"?>
<!-- Generated by org.testng.reporters.JUnitReportReporter -->
<testsuite hostname="LAPTOP-HRRLCGBU" failures="0" tests="1" name="edge.desktop.resolutionsC.TeamFeatures" time="16.992" errors="0" timestamp="2024-09-07T22:57:37 IST" skipped="0">
  <testcase classname="edge.desktop.resolutionsC.TeamFeatures" name="teamFeatures" time="16.992"/>
  <system-out/>
</testsuite> <!-- edge.desktop.resolutionsC.TeamFeatures -->
