<?xml version="1.0" encoding="UTF-8"?>
<!-- Generated by org.testng.reporters.JUnitReportReporter -->
<testsuite hostname="LAPTOP-HRRLCGBU" failures="0" tests="1" name="edge.mobile.resolutionC.ProFeatures" time="20.266" errors="0" timestamp="2024-09-07T22:57:37 IST" skipped="0">
  <testcase classname="edge.mobile.resolutionC.ProFeatures" name="proFeatures" time="20.266"/>
  <system-out/>
</testsuite> <!-- edge.mobile.resolutionC.ProFeatures -->
