<?xml version="1.0" encoding="UTF-8"?>
<!-- Generated by org.testng.reporters.JUnitReportReporter -->
<testsuite hostname="LAPTOP-HRRLCGBU" failures="0" tests="1" name="calley.Home_page" time="11.845" errors="0" timestamp="2024-09-06T17:33:45 IST" skipped="0">
  <testcase classname="calley.Home_page" name="calleyPage" time="11.845"/>
  <system-out/>
</testsuite> <!-- calley.Home_page -->
