<?xml version="1.0" encoding="UTF-8"?>
<!-- Generated by org.testng.reporters.JUnitReportReporter -->
<testsuite hostname="LAPTOP-HRRLCGBU" failures="0" tests="1" name="chrome.desktop.resolutionsA.CalleyA" time="15.094" errors="0" timestamp="2024-09-07T15:17:31 IST" skipped="0">
  <testcase classname="chrome.desktop.resolutionsA.CalleyA" name="calleyPage" time="15.094"/>
  <system-out/>
</testsuite> <!-- chrome.desktop.resolutionsA.CalleyA -->
