<?xml version="1.0" encoding="UTF-8"?>
<!-- Generated by org.testng.reporters.JUnitReportReporter -->
<testsuite hostname="LAPTOP-HRRLCGBU" failures="0" tests="1" name="firefox.desktop.resolutionsA.CalleyLifetimeOffer" time="18.923" errors="0" timestamp="2024-09-07T23:50:03 IST" skipped="0">
  <testcase classname="firefox.desktop.resolutionsA.CalleyLifetimeOffer" name="lifeTimeOfferPage" time="18.923"/>
  <system-out/>
</testsuite> <!-- firefox.desktop.resolutionsA.CalleyLifetimeOffer -->
