<?xml version="1.0" encoding="UTF-8"?>
<!-- Generated by org.testng.reporters.JUnitReportReporter -->
<testsuite hostname="LAPTOP-HRRLCGBU" failures="0" tests="1" name="chrome.Home_Page" time="20.119" errors="0" timestamp="2024-09-07T10:09:58 IST" skipped="0">
  <testcase classname="chrome.Home_Page" name="calleyPage" time="20.119"/>
  <system-out/>
</testsuite> <!-- chrome.Home_Page -->
