<?xml version="1.0" encoding="UTF-8"?>
<!-- Generated by org.testng.reporters.JUnitReportReporter -->
<testsuite hostname="LAPTOP-HRRLCGBU" failures="0" tests="1" name="chrome.desktop.resolutionsA.CalleyLifetimeOffer" time="10.788" errors="0" timestamp="2024-09-07T22:42:39 IST" skipped="0">
  <testcase classname="chrome.desktop.resolutionsA.CalleyLifetimeOffer" name="lifeTimeOfferPage" time="10.788"/>
  <system-out/>
</testsuite> <!-- chrome.desktop.resolutionsA.CalleyLifetimeOffer -->
