<?xml version="1.0" encoding="UTF-8"?>
<!-- Generated by org.testng.reporters.JUnitReportReporter -->
<testsuite hostname="LAPTOP-HRRLCGBU" failures="0" tests="1" name="chromedesktop1920_1080.HomePage" time="31.892" errors="0" timestamp="2024-09-07T14:07:34 IST" skipped="0">
  <testcase classname="chromedesktop1920_1080.HomePage" name="calleyPage" time="31.892"/>
  <system-out/>
</testsuite> <!-- chromedesktop1920_1080.HomePage -->
