<?xml version="1.0" encoding="UTF-8"?>
<!-- Generated by org.testng.reporters.JUnitReportReporter -->
<testsuite hostname="LAPTOP-HRRLCGBU" failures="0" tests="1" name="chrome.mobile.resolutionC.CalleyMobileC" time="51.009" errors="0" timestamp="2024-09-07T22:42:39 IST" skipped="0">
  <testcase classname="chrome.mobile.resolutionC.CalleyMobileC" name="calleyPage" time="51.009"/>
  <system-out/>
</testsuite> <!-- chrome.mobile.resolutionC.CalleyMobileC -->
