<?xml version="1.0" encoding="UTF-8"?>
<!-- Generated by org.testng.reporters.JUnitReportReporter -->
<testsuite hostname="LAPTOP-HRRLCGBU" failures="0" tests="1" name="chrome.desktop.resolutionsA.CalleyDeskA" time="39.981" errors="0" timestamp="2024-09-07T22:42:39 IST" skipped="0">
  <testcase classname="chrome.desktop.resolutionsA.CalleyDeskA" name="calleyPage" time="39.981"/>
  <system-out/>
</testsuite> <!-- chrome.desktop.resolutionsA.CalleyDeskA -->
