<?xml version="1.0" encoding="UTF-8"?>
<!-- Generated by org.testng.reporters.JUnitReportReporter -->
<testsuite hostname="LAPTOP-HRRLCGBU" failures="0" tests="1" name="edge.mobile.resolutionC.CalleyMobileC" time="23.769" errors="0" timestamp="2024-09-07T22:57:37 IST" skipped="0">
  <testcase classname="edge.mobile.resolutionC.CalleyMobileC" name="calleyPage" time="23.769"/>
  <system-out/>
</testsuite> <!-- edge.mobile.resolutionC.CalleyMobileC -->
