<?xml version="1.0" encoding="UTF-8"?>
<!-- Generated by org.testng.reporters.JUnitReportReporter -->
<testsuite hostname="LAPTOP-HRRLCGBU" failures="0" tests="1" name="firefox.desktop.resolutionsB.CalleyDeskB" time="26.844" errors="0" timestamp="2024-09-07T23:50:03 IST" skipped="0">
  <testcase classname="firefox.desktop.resolutionsB.CalleyDeskB" name="calleyPage" time="26.844"/>
  <system-out/>
</testsuite> <!-- firefox.desktop.resolutionsB.CalleyDeskB -->
