<?xml version="1.0" encoding="UTF-8"?>
<!-- Generated by org.testng.reporters.JUnitReportReporter -->
<testsuite hostname="LAPTOP-HRRLCGBU" failures="0" tests="1" name="firefox.mobile.resolutionB.TeamFeatures" time="29.103" errors="0" timestamp="2024-09-07T23:50:03 IST" skipped="0">
  <testcase classname="firefox.mobile.resolutionB.TeamFeatures" name="teamFeatures" time="29.103"/>
  <system-out/>
</testsuite> <!-- firefox.mobile.resolutionB.TeamFeatures -->
