<?xml version="1.0" encoding="UTF-8"?>
<!-- Generated by org.testng.reporters.JUnitReportReporter -->
<testsuite hostname="LAPTOP-HRRLCGBU" failures="0" tests="1" name="edge.mobile.resolutionA.TeamFeatures" time="13.219" errors="0" timestamp="2024-09-07T22:57:37 IST" skipped="0">
  <testcase classname="edge.mobile.resolutionA.TeamFeatures" name="teamFeatures" time="13.219"/>
  <system-out/>
</testsuite> <!-- edge.mobile.resolutionA.TeamFeatures -->
