<?xml version="1.0" encoding="UTF-8"?>
<!-- Generated by org.testng.reporters.JUnitReportReporter -->
<testsuite hostname="LAPTOP-HRRLCGBU" failures="0" tests="1" name="chrome.desktop.resolutions.Calley" time="25.689" errors="0" timestamp="2024-09-07T14:38:13 IST" skipped="0">
  <testcase classname="chrome.desktop.resolutions.Calley" name="calleyPage" time="25.689"/>
  <system-out/>
</testsuite> <!-- chrome.desktop.resolutions.Calley -->
