<?xml version="1.0" encoding="UTF-8"?>
<!-- Generated by org.testng.reporters.JUnitReportReporter -->
<testsuite hostname="LAPTOP-HRRLCGBU" failures="0" tests="1" name="edge.mobile.resolutionB.LifetimeOfferPageB" time="11.758" errors="0" timestamp="2024-09-07T22:57:37 IST" skipped="0">
  <testcase classname="edge.mobile.resolutionB.LifetimeOfferPageB" name="lifeTimeOfferPage" time="11.758"/>
  <system-out/>
</testsuite> <!-- edge.mobile.resolutionB.LifetimeOfferPageB -->
