<?xml version="1.0" encoding="UTF-8"?>
<!-- Generated by org.testng.reporters.JUnitReportReporter -->
<testsuite hostname="LAPTOP-HRRLCGBU" failures="0" tests="1" name="chrome.mobile.resolutionB.CalleyMobileB" time="50.013" errors="0" timestamp="2024-09-07T22:42:39 IST" skipped="0">
  <testcase classname="chrome.mobile.resolutionB.CalleyMobileB" name="calleyPage" time="50.013"/>
  <system-out/>
</testsuite> <!-- chrome.mobile.resolutionB.CalleyMobileB -->
