<?xml version="1.0" encoding="UTF-8"?>
<!-- Generated by org.testng.reporters.JUnitReportReporter -->
<testsuite hostname="LAPTOP-HRRLCGBU" failures="0" tests="1" name="firefox.mobile.resolutionA.CalleyMobileA" time="30.144" errors="0" timestamp="2024-09-07T23:50:03 IST" skipped="0">
  <testcase classname="firefox.mobile.resolutionA.CalleyMobileA" name="calleyPage" time="30.144"/>
  <system-out/>
</testsuite> <!-- firefox.mobile.resolutionA.CalleyMobileA -->
