<?xml version="1.0" encoding="UTF-8"?>
<!-- Generated by org.testng.reporters.JUnitReportReporter -->
<testsuite hostname="LAPTOP-HRRLCGBU" failures="0" tests="1" name="chrome.desktop.resolutionsC.LifeTimeOfferPageC" time="13.866" errors="0" timestamp="2024-09-07T22:42:39 IST" skipped="0">
  <testcase classname="chrome.desktop.resolutionsC.LifeTimeOfferPageC" name="lifeTimeOfferPage" time="13.866"/>
  <system-out/>
</testsuite> <!-- chrome.desktop.resolutionsC.LifeTimeOfferPageC -->
