<?xml version="1.0" encoding="UTF-8"?>
<!-- Generated by org.testng.reporters.JUnitReportReporter -->
<testsuite hostname="LAPTOP-HRRLCGBU" failures="0" tests="1" name="com.DealsDray.functiionalTesting.Demo" time="7.866" errors="0" timestamp="2024-09-08T08:46:04 IST" skipped="0">
  <testcase classname="com.DealsDray.functiionalTesting.Demo" name="fileUpload" time="7.866"/>
</testsuite> <!-- com.DealsDray.functiionalTesting.Demo -->
