<?xml version="1.0" encoding="UTF-8"?>
<!-- Generated by org.testng.reporters.JUnitReportReporter -->
<testsuite hostname="LAPTOP-HRRLCGBU" failures="0" tests="1" name="firefox.desktop.resolutionsB.DemoPage" time="20.882" errors="0" timestamp="2024-09-07T23:50:03 IST" skipped="0">
  <testcase classname="firefox.desktop.resolutionsB.DemoPage" name="demoPage" time="20.882"/>
  <system-out/>
</testsuite> <!-- firefox.desktop.resolutionsB.DemoPage -->
