<?xml version="1.0" encoding="UTF-8"?>
<!-- Generated by org.testng.reporters.JUnitReportReporter -->
<testsuite hostname="LAPTOP-HRRLCGBU" failures="0" tests="1" name="firefox.desktop.resolutionsA.DemoPageA" time="21.766" errors="0" timestamp="2024-09-07T23:50:03 IST" skipped="0">
  <testcase classname="firefox.desktop.resolutionsA.DemoPageA" name="demoPage" time="21.766"/>
  <system-out/>
</testsuite> <!-- firefox.desktop.resolutionsA.DemoPageA -->
